<?xml version="1.0" encoding="UTF-8"?>
<testsuite name="AerospikeExample" tests="15" failures="0" skipped="1" time="1.035">
    <testcase classname="AerospikeExample" name="Connect" time="0.001"/>
    <testcase classname="AerospikeExample" name="ServerInfo" time="0.000"/>
    <testcase classname="AerospikeExample" name="PutGet" time="0.001"/>
    <testcase classname="AerospikeExample" name="Get" time="0.001"/>
    <testcase classname="AerospikeExample" name="Exists" time="0.001"/>
    <testcase classname="AerospikeExample" name="Add" time="0.001"/>
    <testcase classname="AerospikeExample" name="Append" time="0.000"/>
    <testcase classname="AerospikeExample" name="Prepend" time="0.001"/>
    <testcase classname="AerospikeExample" name="Delete" time="0.000">
      <skipped message="requires Enterprise edition"/>
    </testcase>
    <testcase classname="AerospikeExample" name="Replace" time="0.001"/>
    <testcase classname="AerospikeExample" name="Operate" time="0.000"/>
    <testcase classname="AerospikeExample" name="Batch" time="0.002"/>
    <testcase classname="AerospikeExample" name="ScanParallel" time="0.003"/>
    <testcase classname="AerospikeExample" name="QueryInteger" time="1.015"/>
    <testcase classname="AerospikeExample" name="UserDefinedFunction" time="0.008"/>
</testsuite>
